<?xml version="1.0" encoding="UTF-8"?>
<!-- Generated by org.testng.reporters.JUnitXMLReporter -->
<testsuite hostname="ACLA036P2850" name="Command line test 915aad3c-a508-4a74-9f6a-7a602dbba57f" tests="2" failures="0" timestamp="7 Oct 2020 17:22:44 GMT" time="102.188" errors="0">
  <testcase name="YTLogin" time="42.69" classname="org.testing.TestScripts.TC1"/>
  <testcase name="YTLoginSubscriptions" time="26.192" classname="org.testing.TestScripts.TC3"/>
</testsuite> <!-- Command line test 915aad3c-a508-4a74-9f6a-7a602dbba57f -->
